0 info it worked if it ends with ok
1 verbose cli [ 'C:\\Program Files\\nodejs\\node.exe',
1 verbose cli   'C:\\Program Files\\nodejs\\node_modules\\npm\\bin\\npm-cli.js',
1 verbose cli   'install',
1 verbose cli   '--save-dev',
1 verbose cli   'gulp-bootsrap' ]
2 info using npm@2.15.8
3 info using node@v4.4.5
4 verbose install initial load of C:\Users\Steven\Desktop\webport\package.json
5 warn package.json webport@0.0.1 No repository field.
6 verbose installManyTop reading scoped package data from C:\Users\Steven\Desktop\webport\node_modules\bootstrap\package.json
7 verbose installManyTop reading scoped package data from C:\Users\Steven\Desktop\webport\node_modules\gulp\package.json
8 verbose installManyTop reading scoped package data from C:\Users\Steven\Desktop\webport\node_modules\gulp-browserify\package.json
9 verbose installManyTop reading scoped package data from C:\Users\Steven\Desktop\webport\node_modules\gulp-compass\package.json
10 verbose installManyTop reading scoped package data from C:\Users\Steven\Desktop\webport\node_modules\gulp-concat\package.json
11 verbose installManyTop reading scoped package data from C:\Users\Steven\Desktop\webport\node_modules\gulp-htmlmin\package.json
12 verbose installManyTop reading scoped package data from C:\Users\Steven\Desktop\webport\node_modules\gulp-if\package.json
13 verbose installManyTop reading scoped package data from C:\Users\Steven\Desktop\webport\node_modules\gulp-server-livereload\package.json
14 verbose installManyTop reading scoped package data from C:\Users\Steven\Desktop\webport\node_modules\gulp-uglify\package.json
15 verbose installManyTop reading scoped package data from C:\Users\Steven\Desktop\webport\node_modules\gulp-util\package.json
16 verbose installManyTop reading scoped package data from C:\Users\Steven\Desktop\webport\node_modules\util\package.json
17 info package.json gulp-htmlmin@2.0.0 No README data
18 info package.json util@0.10.3 util is also the name of a node core module.
19 verbose readDependencies loading dependencies from C:\Users\Steven\Desktop\webport\package.json
20 silly cache add args [ 'gulp-bootsrap', null ]
21 verbose cache add spec gulp-bootsrap
22 silly cache add parsed spec Result {
22 silly cache add   raw: 'gulp-bootsrap',
22 silly cache add   scope: null,
22 silly cache add   name: 'gulp-bootsrap',
22 silly cache add   rawSpec: '',
22 silly cache add   spec: 'latest',
22 silly cache add   type: 'tag' }
23 silly addNamed gulp-bootsrap@latest
24 verbose addNamed "latest" is being treated as a dist-tag for gulp-bootsrap
25 info addNameTag [ 'gulp-bootsrap', 'latest' ]
26 silly mapToRegistry name gulp-bootsrap
27 silly mapToRegistry using default registry
28 silly mapToRegistry registry https://registry.npmjs.org/
29 silly mapToRegistry data Result {
29 silly mapToRegistry   raw: 'gulp-bootsrap',
29 silly mapToRegistry   scope: null,
29 silly mapToRegistry   name: 'gulp-bootsrap',
29 silly mapToRegistry   rawSpec: '',
29 silly mapToRegistry   spec: 'latest',
29 silly mapToRegistry   type: 'tag' }
30 silly mapToRegistry uri https://registry.npmjs.org/gulp-bootsrap
31 verbose addNameTag registry:https://registry.npmjs.org/gulp-bootsrap not in flight; fetching
32 verbose request uri https://registry.npmjs.org/gulp-bootsrap
33 verbose request no auth needed
34 info attempt registry request try #1 at 11:07:08 AM
35 verbose request id e87ed8cd79caeb4d
36 http request GET https://registry.npmjs.org/gulp-bootsrap
37 http 404 https://registry.npmjs.org/gulp-bootsrap
38 verbose headers { 'content-type': 'application/json',
38 verbose headers   'cache-control': 'max-age=0',
38 verbose headers   'content-length': '2',
38 verbose headers   'accept-ranges': 'bytes',
38 verbose headers   date: 'Thu, 28 Jul 2016 15:07:07 GMT',
38 verbose headers   via: '1.1 varnish',
38 verbose headers   age: '0',
38 verbose headers   connection: 'keep-alive',
38 verbose headers   'x-served-by': 'cache-jfk1035-JFK',
38 verbose headers   'x-cache': 'MISS',
38 verbose headers   'x-cache-hits': '0',
38 verbose headers   'x-timer': 'S1469718427.753915,VS0,VE127',
38 verbose headers   vary: 'Accept-Encoding' }
39 silly get cb [ 404,
39 silly get   { 'content-type': 'application/json',
39 silly get     'cache-control': 'max-age=0',
39 silly get     'content-length': '2',
39 silly get     'accept-ranges': 'bytes',
39 silly get     date: 'Thu, 28 Jul 2016 15:07:07 GMT',
39 silly get     via: '1.1 varnish',
39 silly get     age: '0',
39 silly get     connection: 'keep-alive',
39 silly get     'x-served-by': 'cache-jfk1035-JFK',
39 silly get     'x-cache': 'MISS',
39 silly get     'x-cache-hits': '0',
39 silly get     'x-timer': 'S1469718427.753915,VS0,VE127',
39 silly get     vary: 'Accept-Encoding' } ]
40 verbose stack Error: Registry returned 404 for GET on https://registry.npmjs.org/gulp-bootsrap
40 verbose stack     at makeError (C:\Program Files\nodejs\node_modules\npm\node_modules\npm-registry-client\lib\request.js:264:12)
40 verbose stack     at CachingRegistryClient.<anonymous> (C:\Program Files\nodejs\node_modules\npm\node_modules\npm-registry-client\lib\request.js:242:14)
40 verbose stack     at Request._callback (C:\Program Files\nodejs\node_modules\npm\node_modules\npm-registry-client\lib\request.js:172:14)
40 verbose stack     at Request.self.callback (C:\Program Files\nodejs\node_modules\npm\node_modules\request\request.js:200:22)
40 verbose stack     at emitTwo (events.js:87:13)
40 verbose stack     at Request.emit (events.js:172:7)
40 verbose stack     at Request.<anonymous> (C:\Program Files\nodejs\node_modules\npm\node_modules\request\request.js:1067:10)
40 verbose stack     at emitOne (events.js:82:20)
40 verbose stack     at Request.emit (events.js:169:7)
40 verbose stack     at IncomingMessage.<anonymous> (C:\Program Files\nodejs\node_modules\npm\node_modules\request\request.js:988:12)
41 verbose statusCode 404
42 verbose pkgid gulp-bootsrap
43 verbose cwd C:\Users\Steven\Desktop\webport
44 error Windows_NT 10.0.10586
45 error argv "C:\\Program Files\\nodejs\\node.exe" "C:\\Program Files\\nodejs\\node_modules\\npm\\bin\\npm-cli.js" "install" "--save-dev" "gulp-bootsrap"
46 error node v4.4.5
47 error npm  v2.15.8
48 error code E404
49 error 404 Registry returned 404 for GET on https://registry.npmjs.org/gulp-bootsrap
49 error 404
49 error 404 'gulp-bootsrap' is not in the npm registry.
49 error 404 You should bug the author to publish it (or use the name yourself!)
49 error 404 It was specified as a dependency of 'webport'
49 error 404
49 error 404 Note that you can also install from a
49 error 404 tarball, folder, http url, or git url.
50 verbose exit [ 1, true ]
